  Signals.cpp
e:\source\repos\signals\signals\signals.cpp(29): fatal error C1083: 无法打开包括文件: “unistd.h”: No such file or directory
  output.cpp
e:\source\repos\signals\signals\common.h(35): warning C4091: “typedef ”: 没有声明变量时忽略“dem”的左侧
e:\source\repos\signals\signals\common.h(105): error C2144: 语法错误:“double”的前面应有“;”
e:\source\repos\signals\signals\common.h(105): error C4430: 缺少类型说明符 - 假定为 int。注意: C++ 不支持默认 int
e:\source\repos\signals\signals\common.h(120): error C2144: 语法错误:“path”的前面应有“;”
e:\source\repos\signals\signals\common.h(120): error C4430: 缺少类型说明符 - 假定为 int。注意: C++ 不支持默认 int
e:\source\repos\signals\signals\signals.h(8): error C2236: 意外的标记“class”。是否忘记了“;”?
e:\source\repos\signals\signals\signals.h(9): error C2143: 语法错误: 缺少“;”(在“{”的前面)
e:\source\repos\signals\signals\signals.h(9): error C2447: “{”: 缺少函数标题(是否是老式的形式表?)
e:\source\repos\signals\signals\output.h(9): error C2143: 语法错误: 缺少“;”(在“*”的前面)
e:\source\repos\signals\signals\output.h(9): error C4430: 缺少类型说明符 - 假定为 int。注意: C++ 不支持默认 int
e:\source\repos\signals\signals\output.h(9): error C2238: 意外的标记位于“;”之前
e:\source\repos\signals\signals\output.cpp(21): error C2065: “_signals”: 未声明的标识符
e:\source\repos\signals\signals\output.cpp(21): error C2061: 语法错误: 标识符“Signals”
e:\source\repos\signals\signals\output.cpp(49): error C3861: “LoadLossColors”: 找不到标识符
e:\source\repos\signals\signals\output.cpp(56): warning C4267: “=”: 从“size_t”转换到“int”，可能丢失数据
e:\source\repos\signals\signals\output.cpp(111): error C2065: “_signals”: 未声明的标识符
e:\source\repos\signals\signals\output.cpp(112): error C2227: “->LonDiff”的左边必须指向类/结构/联合/泛型类型
  e:\source\repos\signals\signals\output.cpp(112): note: 类型是“unknown-type”
e:\source\repos\signals\signals\output.cpp(52): error C4996: 'strncpy': This function or variable may be unsafe. Consider using strncpy_s instead. To disable deprecation, use _CRT_SECURE_NO_WARNINGS. See online help for details.
  c:\program files (x86)\windows kits\10\include\10.0.10240.0\ucrt\string.h(346): note: 参见“strncpy”的声明
e:\source\repos\signals\signals\output.cpp(89): error C4996: 'fopen': This function or variable may be unsafe. Consider using fopen_s instead. To disable deprecation, use _CRT_SECURE_NO_WARNINGS. See online help for details.
  c:\program files (x86)\windows kits\10\include\10.0.10240.0\ucrt\stdio.h(205): note: 参见“fopen”的声明
e:\source\repos\signals\signals\output.cpp(287): warning C4267: “=”: 从“size_t”转换到“int”，可能丢失数据
e:\source\repos\signals\signals\output.cpp(338): error C2065: “_signals”: 未声明的标识符
e:\source\repos\signals\signals\output.cpp(339): error C2227: “->LonDiff”的左边必须指向类/结构/联合/泛型类型
  e:\source\repos\signals\signals\output.cpp(339): note: 类型是“unknown-type”
e:\source\repos\signals\signals\output.cpp(283): error C4996: 'strncpy': This function or variable may be unsafe. Consider using strncpy_s instead. To disable deprecation, use _CRT_SECURE_NO_WARNINGS. See online help for details.
  c:\program files (x86)\windows kits\10\include\10.0.10240.0\ucrt\string.h(346): note: 参见“strncpy”的声明
e:\source\repos\signals\signals\output.cpp(316): error C4996: 'fopen': This function or variable may be unsafe. Consider using fopen_s instead. To disable deprecation, use _CRT_SECURE_NO_WARNINGS. See online help for details.
  c:\program files (x86)\windows kits\10\include\10.0.10240.0\ucrt\stdio.h(205): note: 参见“fopen”的声明
e:\source\repos\signals\signals\output.cpp(521): error C3861: “LoadDBMColors”: 找不到标识符
e:\source\repos\signals\signals\output.cpp(528): warning C4267: “=”: 从“size_t”转换到“int”，可能丢失数据
e:\source\repos\signals\signals\output.cpp(583): error C2065: “_signals”: 未声明的标识符
e:\source\repos\signals\signals\output.cpp(584): error C2227: “->LonDiff”的左边必须指向类/结构/联合/泛型类型
  e:\source\repos\signals\signals\output.cpp(584): note: 类型是“unknown-type”
e:\source\repos\signals\signals\output.cpp(524): error C4996: 'strncpy': This function or variable may be unsafe. Consider using strncpy_s instead. To disable deprecation, use _CRT_SECURE_NO_WARNINGS. See online help for details.
  c:\program files (x86)\windows kits\10\include\10.0.10240.0\ucrt\string.h(346): note: 参见“strncpy”的声明
e:\source\repos\signals\signals\output.cpp(558): error C4996: 'fopen': This function or variable may be unsafe. Consider using fopen_s instead. To disable deprecation, use _CRT_SECURE_NO_WARNINGS. See online help for details.
  c:\program files (x86)\windows kits\10\include\10.0.10240.0\ucrt\stdio.h(205): note: 参见“fopen”的声明
e:\source\repos\signals\signals\output.cpp(763): warning C4267: “=”: 从“size_t”转换到“int”，可能丢失数据
e:\source\repos\signals\signals\output.cpp(816): error C2065: “_signals”: 未声明的标识符
e:\source\repos\signals\signals\output.cpp(817): error C2227: “->LonDiff”的左边必须指向类/结构/联合/泛型类型
  e:\source\repos\signals\signals\output.cpp(817): note: 类型是“unknown-type”
e:\source\repos\signals\signals\output.cpp(759): error C4996: 'strncpy': This function or variable may be unsafe. Consider using strncpy_s instead. To disable deprecation, use _CRT_SECURE_NO_WARNINGS. See online help for details.
  c:\program files (x86)\windows kits\10\include\10.0.10240.0\ucrt\string.h(346): note: 参见“strncpy”的声明
e:\source\repos\signals\signals\output.cpp(793): error C4996: 'fopen': This function or variable may be unsafe. Consider using fopen_s instead. To disable deprecation, use _CRT_SECURE_NO_WARNINGS. See online help for details.
  c:\program files (x86)\windows kits\10\include\10.0.10240.0\ucrt\stdio.h(205): note: 参见“fopen”的声明
e:\source\repos\signals\signals\output.cpp(1023): error C2065: “_signals”: 未声明的标识符
e:\source\repos\signals\signals\output.cpp(1023): error C2227: “->GetElevation”的左边必须指向类/结构/联合/泛型类型
  e:\source\repos\signals\signals\output.cpp(1023): note: 类型是“unknown-type”
e:\source\repos\signals\signals\output.cpp(1027): error C2065: “_signals”: 未声明的标识符
e:\source\repos\signals\signals\output.cpp(1027): error C2227: “->GetElevation”的左边必须指向类/结构/联合/泛型类型
  e:\source\repos\signals\signals\output.cpp(1027): note: 类型是“unknown-type”
e:\source\repos\signals\signals\output.cpp(1032): error C2065: “_signals”: 未声明的标识符
e:\source\repos\signals\signals\output.cpp(1032): error C2227: “->GetElevation”的左边必须指向类/结构/联合/泛型类型
  e:\source\repos\signals\signals\output.cpp(1032): note: 类型是“unknown-type”
e:\source\repos\signals\signals\output.cpp(1034): error C2065: “_signals”: 未声明的标识符
e:\source\repos\signals\signals\output.cpp(1034): error C2227: “->GetElevation”的左边必须指向类/结构/联合/泛型类型
  e:\source\repos\signals\signals\output.cpp(1034): note: 类型是“unknown-type”
e:\source\repos\signals\signals\output.cpp(1037): error C2065: “_signals”: 未声明的标识符
e:\source\repos\signals\signals\output.cpp(1037): error C2227: “->Azimuth”的左边必须指向类/结构/联合/泛型类型
  e:\source\repos\signals\signals\output.cpp(1037): note: 类型是“unknown-type”
e:\source\repos\signals\signals\output.cpp(1038): error C2065: “_signals”: 未声明的标识符
e:\source\repos\signals\signals\output.cpp(1038): error C2227: “->ElevationAngle”的左边必须指向类/结构/联合/泛型类型
  e:\source\repos\signals\signals\output.cpp(1038): note: 类型是“unknown-type”
e:\source\repos\signals\signals\output.cpp(1039): error C2065: “_signals”: 未声明的标识符
e:\source\repos\signals\signals\output.cpp(1039): error C2227: “->ElevationAngle2”的左边必须指向类/结构/联合/泛型类型
  e:\source\repos\signals\signals\output.cpp(1039): note: 类型是“unknown-type”
e:\source\repos\signals\signals\output.cpp(1053): error C2065: “_signals”: 未声明的标识符
e:\source\repos\signals\signals\output.cpp(1053): error C2227: “->Distance”的左边必须指向类/结构/联合/泛型类型
  e:\source\repos\signals\signals\output.cpp(1053): note: 类型是“unknown-type”
e:\source\repos\signals\signals\output.cpp(1058): error C2065: “_signals”: 未声明的标识符
e:\source\repos\signals\signals\output.cpp(1058): error C2227: “->Distance”的左边必须指向类/结构/联合/泛型类型
  e:\source\repos\signals\signals\output.cpp(1058): note: 类型是“unknown-type”
e:\source\repos\signals\signals\output.cpp(1102): error C2065: “_signals”: 未声明的标识符
e:\source\repos\signals\signals\output.cpp(1102): error C2227: “->GetElevation”的左边必须指向类/结构/联合/泛型类型
  e:\source\repos\signals\signals\output.cpp(1102): note: 类型是“unknown-type”
e:\source\repos\signals\signals\output.cpp(1107): error C2065: “_signals”: 未声明的标识符
e:\source\repos\signals\signals\output.cpp(1107): error C2227: “->GetElevation”的左边必须指向类/结构/联合/泛型类型
  e:\source\repos\signals\signals\output.cpp(1107): note: 类型是“unknown-type”
e:\source\repos\signals\signals\output.cpp(1112): error C2065: “_signals”: 未声明的标识符
e:\source\repos\signals\signals\output.cpp(1112): error C2227: “->GetElevation”的左边必须指向类/结构/联合/泛型类型
  e:\source\repos\signals\signals\output.cpp(1112): note: 类型是“unknown-type”
e:\source\repos\signals\signals\output.cpp(1115): error C2065: “_signals”: 未声明的标识符
e:\source\repos\signals\signals\output.cpp(1115): error C2227: “->GetElevation”的左边必须指向类/结构/联合/泛型类型
  e:\source\repos\signals\signals\output.cpp(1115): note: 类型是“unknown-type”
e:\source\repos\signals\signals\output.cpp(1120): error C2065: “_signals”: 未声明的标识符
e:\source\repos\signals\signals\output.cpp(1120): error C2227: “->Distance”的左边必须指向类/结构/联合/泛型类型
  e:\source\repos\signals\signals\output.cpp(1120): note: 类型是“unknown-type”
e:\source\repos\signals\signals\output.cpp(1124): error C2065: “_signals”: 未声明的标识符
e:\source\repos\signals\signals\output.cpp(1124): error C2227: “->Distance”的左边必须指向类/结构/联合/泛型类型
  e:\source\repos\signals\signals\output.cpp(1124): note: 类型是“unknown-type”
e:\source\repos\signals\signals\output.cpp(1126): error C2065: “_signals”: 未声明的标识符
e:\source\repos\signals\signals\output.cpp(1126): error C2227: “->Azimuth”的左边必须指向类/结构/联合/泛型类型
  e:\source\repos\signals\signals\output.cpp(1126): note: 类型是“unknown-type”
e:\source\repos\signals\signals\output.cpp(1128): error C2065: “_signals”: 未声明的标识符
e:\source\repos\signals\signals\output.cpp(1128): error C2227: “->ElevationAngle”的左边必须指向类/结构/联合/泛型类型
  e:\source\repos\signals\signals\output.cpp(1128): note: 类型是“unknown-type”
e:\source\repos\signals\signals\output.cpp(1129): error C2065: “_signals”: 未声明的标识符
e:\source\repos\signals\signals\output.cpp(1129): error C2227: “->ElevationAngle2”的左边必须指向类/结构/联合/泛型类型
  e:\source\repos\signals\signals\output.cpp(1129): note: 类型是“unknown-type”
e:\source\repos\signals\signals\output.cpp(1305): error C3861: “ReadPath”: 找不到标识符
e:\source\repos\signals\signals\output.cpp(1324): error C3861: “Azimuth”: 找不到标识符
e:\source\repos\signals\signals\output.cpp(1427): warning C4244: “参数”: 从“double”转换到“float”，可能丢失数据
e:\source\repos\signals\signals\output.cpp(1436): warning C4244: “参数”: 从“double”转换到“float”，可能丢失数据
e:\source\repos\signals\signals\output.cpp(1444): warning C4244: “参数”: 从“double”转换到“float”，可能丢失数据
e:\source\repos\signals\signals\output.cpp(1452): warning C4244: “参数”: 从“double”转换到“float”，可能丢失数据
e:\source\repos\signals\signals\output.cpp(1456): warning C4244: “参数”: 从“double”转换到“float”，可能丢失数据
e:\source\repos\signals\signals\output.cpp(1476): warning C4244: “参数”: 从“double”转换到“float”，可能丢失数据
e:\source\repos\signals\signals\output.cpp(1524): error C3861: “Distance”: 找不到标识符
e:\source\repos\signals\signals\output.cpp(1631): error C2065: “_signals”: 未声明的标识符
e:\source\repos\signals\signals\output.cpp(1631): error C2227: “->ObstructionAnalysis”的左边必须指向类/结构/联合/泛型类型
  e:\source\repos\signals\signals\output.cpp(1631): note: 类型是“unknown-type”
e:\source\repos\signals\signals\output.cpp(1654): warning C4267: “=”: 从“size_t”转换到“int”，可能丢失数据
e:\source\repos\signals\signals\output.cpp(1694): error C2065: “_signals”: 未声明的标识符
e:\source\repos\signals\signals\output.cpp(1694): error C2227: “->Azimuth”的左边必须指向类/结构/联合/泛型类型
  e:\source\repos\signals\signals\output.cpp(1694): note: 类型是“unknown-type”
e:\source\repos\signals\signals\output.cpp(1701): error C2065: “_signals”: 未声明的标识符
e:\source\repos\signals\signals\output.cpp(1701): error C2227: “->Distance”的左边必须指向类/结构/联合/泛型类型
  e:\source\repos\signals\signals\output.cpp(1701): note: 类型是“unknown-type”
e:\source\repos\signals\signals\output.cpp(1706): error C2065: “_signals”: 未声明的标识符
e:\source\repos\signals\signals\output.cpp(1706): error C2227: “->Distance”的左边必须指向类/结构/联合/泛型类型
  e:\source\repos\signals\signals\output.cpp(1706): note: 类型是“unknown-type”
e:\source\repos\signals\signals\output.cpp(998): error C4996: 'fopen': This function or variable may be unsafe. Consider using fopen_s instead. To disable deprecation, use _CRT_SECURE_NO_WARNINGS. See online help for details.
  c:\program files (x86)\windows kits\10\include\10.0.10240.0\ucrt\stdio.h(205): note: 参见“fopen”的声明
e:\source\repos\signals\signals\output.cpp(1022): warning C4473: “fprintf”: 没有为格式字符串传递足够的参数
  e:\source\repos\signals\signals\output.cpp(1022): note: 占位符和其参数预计 1 可变参数，但提供的却是 0 参数
  e:\source\repos\signals\signals\output.cpp(1022): note: 缺失的可变参数 1 为格式字符串“%.2f”所需
e:\source\repos\signals\signals\output.cpp(1025): warning C4473: “fprintf”: 没有为格式字符串传递足够的参数
  e:\source\repos\signals\signals\output.cpp(1025): note: 占位符和其参数预计 2 可变参数，但提供的却是 1 参数
  e:\source\repos\signals\signals\output.cpp(1025): note: 缺失的可变参数 2 为格式字符串“%.2f”所需
e:\source\repos\signals\signals\output.cpp(1031): warning C4473: “fprintf”: 没有为格式字符串传递足够的参数
  e:\source\repos\signals\signals\output.cpp(1031): note: 占位符和其参数预计 1 可变参数，但提供的却是 0 参数
  e:\source\repos\signals\signals\output.cpp(1031): note: 缺失的可变参数 1 为格式字符串“%.2f”所需
e:\source\repos\signals\signals\output.cpp(1033): warning C4473: “fprintf”: 没有为格式字符串传递足够的参数
  e:\source\repos\signals\signals\output.cpp(1033): note: 占位符和其参数预计 2 可变参数，但提供的却是 1 参数
  e:\source\repos\signals\signals\output.cpp(1033): note: 缺失的可变参数 2 为格式字符串“%.2f”所需
e:\source\repos\signals\signals\output.cpp(1052): warning C4473: “fprintf”: 没有为格式字符串传递足够的参数
  e:\source\repos\signals\signals\output.cpp(1052): note: 占位符和其参数预计 2 可变参数，但提供的却是 1 参数
  e:\source\repos\signals\signals\output.cpp(1052): note: 缺失的可变参数 2 为格式字符串“%.2f”所需
e:\source\repos\signals\signals\output.cpp(1057): warning C4473: “fprintf”: 没有为格式字符串传递足够的参数
  e:\source\repos\signals\signals\output.cpp(1057): note: 占位符和其参数预计 2 可变参数，但提供的却是 1 参数
  e:\source\repos\signals\signals\output.cpp(1057): note: 缺失的可变参数 2 为格式字符串“%.2f”所需
e:\source\repos\signals\signals\output.cpp(1101): warning C4473: “fprintf”: 没有为格式字符串传递足够的参数
  e:\source\repos\signals\signals\output.cpp(1101): note: 占位符和其参数预计 1 可变参数，但提供的却是 0 参数
  e:\source\repos\signals\signals\output.cpp(1101): note: 缺失的可变参数 1 为格式字符串“%.2f”所需
e:\source\repos\signals\signals\output.cpp(1104): warning C4473: “fprintf”: 没有为格式字符串传递足够的参数
  e:\source\repos\signals\signals\output.cpp(1104): note: 占位符和其参数预计 2 可变参数，但提供的却是 1 参数
  e:\source\repos\signals\signals\output.cpp(1104): note: 缺失的可变参数 2 为格式字符串“%.2f”所需
e:\source\repos\signals\signals\output.cpp(1111): warning C4473: “fprintf”: 没有为格式字符串传递足够的参数
  e:\source\repos\signals\signals\output.cpp(1111): note: 占位符和其参数预计 1 可变参数，但提供的却是 0 参数
  e:\source\repos\signals\signals\output.cpp(1111): note: 缺失的可变参数 1 为格式字符串“%.2f”所需
e:\source\repos\signals\signals\output.cpp(1113): warning C4473: “fprintf”: 没有为格式字符串传递足够的参数
  e:\source\repos\signals\signals\output.cpp(1113): note: 占位符和其参数预计 2 可变参数，但提供的却是 1 参数
  e:\source\repos\signals\signals\output.cpp(1113): note: 缺失的可变参数 2 为格式字符串“%.2f”所需
e:\source\repos\signals\signals\output.cpp(1119): warning C4473: “fprintf”: 没有为格式字符串传递足够的参数
  e:\source\repos\signals\signals\output.cpp(1119): note: 占位符和其参数预计 2 可变参数，但提供的却是 1 参数
  e:\source\repos\signals\signals\output.cpp(1119): note: 缺失的可变参数 2 为格式字符串“%.2f”所需
e:\source\repos\signals\signals\output.cpp(1123): warning C4473: “fprintf”: 没有为格式字符串传递足够的参数
  e:\source\repos\signals\signals\output.cpp(1123): note: 占位符和其参数预计 2 可变参数，但提供的却是 1 参数
  e:\source\repos\signals\signals\output.cpp(1123): note: 缺失的可变参数 2 为格式字符串“%.2f”所需
e:\source\repos\signals\signals\output.cpp(1645): error C4996: 'strncpy': This function or variable may be unsafe. Consider using strncpy_s instead. To disable deprecation, use _CRT_SECURE_NO_WARNINGS. See online help for details.
  c:\program files (x86)\windows kits\10\include\10.0.10240.0\ucrt\string.h(346): note: 参见“strncpy”的声明
e:\source\repos\signals\signals\output.cpp(1646): error C4996: 'strncpy': This function or variable may be unsafe. Consider using strncpy_s instead. To disable deprecation, use _CRT_SECURE_NO_WARNINGS. See online help for details.
  c:\program files (x86)\windows kits\10\include\10.0.10240.0\ucrt\string.h(346): note: 参见“strncpy”的声明
e:\source\repos\signals\signals\output.cpp(1647): error C4996: 'strncpy': This function or variable may be unsafe. Consider using strncpy_s instead. To disable deprecation, use _CRT_SECURE_NO_WARNINGS. See online help for details.
  c:\program files (x86)\windows kits\10\include\10.0.10240.0\ucrt\string.h(346): note: 参见“strncpy”的声明
e:\source\repos\signals\signals\output.cpp(1655): error C4996: 'strncpy': This function or variable may be unsafe. Consider using strncpy_s instead. To disable deprecation, use _CRT_SECURE_NO_WARNINGS. See online help for details.
  c:\program files (x86)\windows kits\10\include\10.0.10240.0\ucrt\string.h(346): note: 参见“strncpy”的声明
e:\source\repos\signals\signals\output.cpp(1673): error C4996: 'strncpy': This function or variable may be unsafe. Consider using strncpy_s instead. To disable deprecation, use _CRT_SECURE_NO_WARNINGS. See online help for details.
  c:\program files (x86)\windows kits\10\include\10.0.10240.0\ucrt\string.h(346): note: 参见“strncpy”的声明
e:\source\repos\signals\signals\output.cpp(1674): error C4996: 'strncpy': This function or variable may be unsafe. Consider using strncpy_s instead. To disable deprecation, use _CRT_SECURE_NO_WARNINGS. See online help for details.
  c:\program files (x86)\windows kits\10\include\10.0.10240.0\ucrt\string.h(346): note: 参见“strncpy”的声明
e:\source\repos\signals\signals\output.cpp(1681): error C4996: 'strncpy': This function or variable may be unsafe. Consider using strncpy_s instead. To disable deprecation, use _CRT_SECURE_NO_WARNINGS. See online help for details.
  c:\program files (x86)\windows kits\10\include\10.0.10240.0\ucrt\string.h(346): note: 参见“strncpy”的声明
e:\source\repos\signals\signals\output.cpp(1684): error C4996: 'strncpy': This function or variable may be unsafe. Consider using strncpy_s instead. To disable deprecation, use _CRT_SECURE_NO_WARNINGS. See online help for details.
  c:\program files (x86)\windows kits\10\include\10.0.10240.0\ucrt\string.h(346): note: 参见“strncpy”的声明
e:\source\repos\signals\signals\output.cpp(1686): error C4996: 'fopen': This function or variable may be unsafe. Consider using fopen_s instead. To disable deprecation, use _CRT_SECURE_NO_WARNINGS. See online help for details.
  c:\program files (x86)\windows kits\10\include\10.0.10240.0\ucrt\stdio.h(205): note: 参见“fopen”的声明
e:\source\repos\signals\signals\output.cpp(1693): warning C4477: “fprintf”: 格式字符串“%.2f”需要类型“double”的参数，但可变参数 3 拥有了类型“int”
e:\source\repos\signals\signals\output.cpp(1693): warning C4473: “fprintf”: 没有为格式字符串传递足够的参数
  e:\source\repos\signals\signals\output.cpp(1693): note: 占位符和其参数预计 4 可变参数，但提供的却是 3 参数
  e:\source\repos\signals\signals\output.cpp(1693): note: 缺失的可变参数 4 为格式字符串“%c”所需
e:\source\repos\signals\signals\output.cpp(1699): warning C4473: “fprintf”: 没有为格式字符串传递足够的参数
  e:\source\repos\signals\signals\output.cpp(1699): note: 占位符和其参数预计 3 可变参数，但提供的却是 2 参数
  e:\source\repos\signals\signals\output.cpp(1699): note: 缺失的可变参数 3 为格式字符串“%.2f”所需
e:\source\repos\signals\signals\output.cpp(1704): warning C4473: “fprintf”: 没有为格式字符串传递足够的参数
  e:\source\repos\signals\signals\output.cpp(1704): note: 占位符和其参数预计 3 可变参数，但提供的却是 2 参数
  e:\source\repos\signals\signals\output.cpp(1704): note: 缺失的可变参数 3 为格式字符串“%.2f”所需
e:\source\repos\signals\signals\output.cpp(1755): error C2065: “_signals”: 未声明的标识符
e:\source\repos\signals\signals\output.cpp(1755): error C2227: “->ReadPath”的左边必须指向类/结构/联合/泛型类型
  e:\source\repos\signals\signals\output.cpp(1755): note: 类型是“unknown-type”
e:\source\repos\signals\signals\output.cpp(1756): error C2065: “_signals”: 未声明的标识符
e:\source\repos\signals\signals\output.cpp(1756): error C2227: “->Azimuth”的左边必须指向类/结构/联合/泛型类型
  e:\source\repos\signals\signals\output.cpp(1756): note: 类型是“unknown-type”
e:\source\repos\signals\signals\output.cpp(1757): error C2065: “_signals”: 未声明的标识符
e:\source\repos\signals\signals\output.cpp(1757): error C2227: “->Distance”的左边必须指向类/结构/联合/泛型类型
  e:\source\repos\signals\signals\output.cpp(1757): note: 类型是“unknown-type”
e:\source\repos\signals\signals\output.cpp(1758): error C2065: “_signals”: 未声明的标识符
e:\source\repos\signals\signals\output.cpp(1758): error C2227: “->ElevationAngle”的左边必须指向类/结构/联合/泛型类型
  e:\source\repos\signals\signals\output.cpp(1758): note: 类型是“unknown-type”
e:\source\repos\signals\signals\output.cpp(1759): error C2065: “_signals”: 未声明的标识符
e:\source\repos\signals\signals\output.cpp(1759): error C2227: “->GetElevation”的左边必须指向类/结构/联合/泛型类型
  e:\source\repos\signals\signals\output.cpp(1759): note: 类型是“unknown-type”
e:\source\repos\signals\signals\output.cpp(1767): error C2065: “_signals”: 未声明的标识符
e:\source\repos\signals\signals\output.cpp(1767): error C2227: “->GetElevation”的左边必须指向类/结构/联合/泛型类型
  e:\source\repos\signals\signals\output.cpp(1767): note: 类型是“unknown-type”
e:\source\repos\signals\signals\output.cpp(1768): error C2065: “_signals”: 未声明的标识符
e:\source\repos\signals\signals\output.cpp(1768): error C2227: “->GetElevation”的左边必须指向类/结构/联合/泛型类型
  e:\source\repos\signals\signals\output.cpp(1768): note: 类型是“unknown-type”
e:\source\repos\signals\signals\output.cpp(1801): error C2065: “_signals”: 未声明的标识符
e:\source\repos\signals\signals\output.cpp(1801): error C2227: “->GetElevation”的左边必须指向类/结构/联合/泛型类型
  e:\source\repos\signals\signals\output.cpp(1801): note: 类型是“unknown-type”
e:\source\repos\signals\signals\output.cpp(1806): error C2065: “_signals”: 未声明的标识符
e:\source\repos\signals\signals\output.cpp(1806): error C2227: “->Distance”的左边必须指向类/结构/联合/泛型类型
  e:\source\repos\signals\signals\output.cpp(1806): note: 类型是“unknown-type”
e:\source\repos\signals\signals\output.cpp(1983): warning C4267: “=”: 从“size_t”转换到“int”，可能丢失数据
e:\source\repos\signals\signals\output.cpp(1773): error C4996: 'strcpy': This function or variable may be unsafe. Consider using strcpy_s instead. To disable deprecation, use _CRT_SECURE_NO_WARNINGS. See online help for details.
  c:\program files (x86)\windows kits\10\include\10.0.10240.0\ucrt\string.h(119): note: 参见“strcpy”的声明
e:\source\repos\signals\signals\output.cpp(1774): error C4996: 'strcat': This function or variable may be unsafe. Consider using strcat_s instead. To disable deprecation, use _CRT_SECURE_NO_WARNINGS. See online help for details.
  c:\program files (x86)\windows kits\10\include\10.0.10240.0\ucrt\string.h(90): note: 参见“strcat”的声明
e:\source\repos\signals\signals\output.cpp(1775): error C4996: 'strcpy': This function or variable may be unsafe. Consider using strcpy_s instead. To disable deprecation, use _CRT_SECURE_NO_WARNINGS. See online help for details.
  c:\program files (x86)\windows kits\10\include\10.0.10240.0\ucrt\string.h(119): note: 参见“strcpy”的声明
e:\source\repos\signals\signals\output.cpp(1776): error C4996: 'strcat': This function or variable may be unsafe. Consider using strcat_s instead. To disable deprecation, use _CRT_SECURE_NO_WARNINGS. See online help for details.
  c:\program files (x86)\windows kits\10\include\10.0.10240.0\ucrt\string.h(90): note: 参见“strcat”的声明
e:\source\repos\signals\signals\output.cpp(1777): error C4996: 'strcpy': This function or variable may be unsafe. Consider using strcpy_s instead. To disable deprecation, use _CRT_SECURE_NO_WARNINGS. See online help for details.
  c:\program files (x86)\windows kits\10\include\10.0.10240.0\ucrt\string.h(119): note: 参见“strcpy”的声明
e:\source\repos\signals\signals\output.cpp(1778): error C4996: 'strcat': This function or variable may be unsafe. Consider using strcat_s instead. To disable deprecation, use _CRT_SECURE_NO_WARNINGS. See online help for details.
  c:\program files (x86)\windows kits\10\include\10.0.10240.0\ucrt\string.h(90): note: 参见“strcat”的声明
e:\source\repos\signals\signals\output.cpp(1779): error C4996: 'strcpy': This function or variable may be unsafe. Consider using strcpy_s instead. To disable deprecation, use _CRT_SECURE_NO_WARNINGS. See online help for details.
  c:\program files (x86)\windows kits\10\include\10.0.10240.0\ucrt\string.h(119): note: 参见“strcpy”的声明
e:\source\repos\signals\signals\output.cpp(1780): error C4996: 'strcat': This function or variable may be unsafe. Consider using strcat_s instead. To disable deprecation, use _CRT_SECURE_NO_WARNINGS. See online help for details.
  c:\program files (x86)\windows kits\10\include\10.0.10240.0\ucrt\string.h(90): note: 参见“strcat”的声明
e:\source\repos\signals\signals\output.cpp(1781): error C4996: 'strcpy': This function or variable may be unsafe. Consider using strcpy_s instead. To disable deprecation, use _CRT_SECURE_NO_WARNINGS. See online help for details.
  c:\program files (x86)\windows kits\10\include\10.0.10240.0\ucrt\string.h(119): note: 参见“strcpy”的声明
e:\source\repos\signals\signals\output.cpp(1782): error C4996: 'strcat': This function or variable may be unsafe. Consider using strcat_s instead. To disable deprecation, use _CRT_SECURE_NO_WARNINGS. See online help for details.
  c:\program files (x86)\windows kits\10\include\10.0.10240.0\ucrt\string.h(90): note: 参见“strcat”的声明
e:\source\repos\signals\signals\output.cpp(1783): error C4996: 'strcpy': This function or variable may be unsafe. Consider using strcpy_s instead. To disable deprecation, use _CRT_SECURE_NO_WARNINGS. See online help for details.
  c:\program files (x86)\windows kits\10\include\10.0.10240.0\ucrt\string.h(119): note: 参见“strcpy”的声明
e:\source\repos\signals\signals\output.cpp(1784): error C4996: 'strcat': This function or variable may be unsafe. Consider using strcat_s instead. To disable deprecation, use _CRT_SECURE_NO_WARNINGS. See online help for details.
  c:\program files (x86)\windows kits\10\include\10.0.10240.0\ucrt\string.h(90): note: 参见“strcat”的声明
e:\source\repos\signals\signals\output.cpp(1786): error C4996: 'fopen': This function or variable may be unsafe. Consider using fopen_s instead. To disable deprecation, use _CRT_SECURE_NO_WARNINGS. See online help for details.
  c:\program files (x86)\windows kits\10\include\10.0.10240.0\ucrt\stdio.h(205): note: 参见“fopen”的声明
e:\source\repos\signals\signals\output.cpp(1788): error C4996: 'fopen': This function or variable may be unsafe. Consider using fopen_s instead. To disable deprecation, use _CRT_SECURE_NO_WARNINGS. See online help for details.
  c:\program files (x86)\windows kits\10\include\10.0.10240.0\ucrt\stdio.h(205): note: 参见“fopen”的声明
e:\source\repos\signals\signals\output.cpp(1789): error C4996: 'fopen': This function or variable may be unsafe. Consider using fopen_s instead. To disable deprecation, use _CRT_SECURE_NO_WARNINGS. See online help for details.
  c:\program files (x86)\windows kits\10\include\10.0.10240.0\ucrt\stdio.h(205): note: 参见“fopen”的声明
e:\source\repos\signals\signals\output.cpp(1790): error C4996: 'fopen': This function or variable may be unsafe. Consider using fopen_s instead. To disable deprecation, use _CRT_SECURE_NO_WARNINGS. See online help for details.
  c:\program files (x86)\windows kits\10\include\10.0.10240.0\ucrt\stdio.h(205): note: 参见“fopen”的声明
e:\source\repos\signals\signals\output.cpp(1793): error C4996: 'fopen': This function or variable may be unsafe. Consider using fopen_s instead. To disable deprecation, use _CRT_SECURE_NO_WARNINGS. See online help for details.
  c:\program files (x86)\windows kits\10\include\10.0.10240.0\ucrt\stdio.h(205): note: 参见“fopen”的声明
e:\source\repos\signals\signals\output.cpp(1794): error C4996: 'fopen': This function or variable may be unsafe. Consider using fopen_s instead. To disable deprecation, use _CRT_SECURE_NO_WARNINGS. See online help for details.
  c:\program files (x86)\windows kits\10\include\10.0.10240.0\ucrt\stdio.h(205): note: 参见“fopen”的声明
e:\source\repos\signals\signals\output.cpp(1975): error C4996: 'strncpy': This function or variable may be unsafe. Consider using strncpy_s instead. To disable deprecation, use _CRT_SECURE_NO_WARNINGS. See online help for details.
  c:\program files (x86)\windows kits\10\include\10.0.10240.0\ucrt\string.h(346): note: 参见“strncpy”的声明
e:\source\repos\signals\signals\output.cpp(1976): error C4996: 'strncpy': This function or variable may be unsafe. Consider using strncpy_s instead. To disable deprecation, use _CRT_SECURE_NO_WARNINGS. See online help for details.
  c:\program files (x86)\windows kits\10\include\10.0.10240.0\ucrt\string.h(346): note: 参见“strncpy”的声明
e:\source\repos\signals\signals\output.cpp(1977): error C4996: 'strncpy': This function or variable may be unsafe. Consider using strncpy_s instead. To disable deprecation, use _CRT_SECURE_NO_WARNINGS. See online help for details.
  c:\program files (x86)\windows kits\10\include\10.0.10240.0\ucrt\string.h(346): note: 参见“strncpy”的声明
e:\source\repos\signals\signals\output.cpp(1984): error C4996: 'strncpy': This function or variable may be unsafe. Consider using strncpy_s instead. To disable deprecation, use _CRT_SECURE_NO_WARNINGS. See online help for details.
  c:\program files (x86)\windows kits\10\include\10.0.10240.0\ucrt\string.h(346): note: 参见“strncpy”的声明
e:\source\repos\signals\signals\output.cpp(2000): error C4996: 'strncpy': This function or variable may be unsafe. Consider using strncpy_s instead. To disable deprecation, use _CRT_SECURE_NO_WARNINGS. See online help for details.
  c:\program files (x86)\windows kits\10\include\10.0.10240.0\ucrt\string.h(346): note: 参见“strncpy”的声明
e:\source\repos\signals\signals\output.cpp(2001): error C4996: 'strncpy': This function or variable may be unsafe. Consider using strncpy_s instead. To disable deprecation, use _CRT_SECURE_NO_WARNINGS. See online help for details.
  c:\program files (x86)\windows kits\10\include\10.0.10240.0\ucrt\string.h(346): note: 参见“strncpy”的声明
  sui.cpp
e:\source\repos\signals\signals\models\sui.cpp(27): warning C4244: “初始化”: 从“double”转换到“int”，可能丢失数据
e:\source\repos\signals\signals\models\sui.cpp(43): error C2065: “M_PI”: 未声明的标识符
  pel.cpp
  los.cpp
e:\source\repos\signals\signals\common.h(35): warning C4091: “typedef ”: 没有声明变量时忽略“dem”的左侧
e:\source\repos\signals\signals\common.h(105): error C2144: 语法错误:“double”的前面应有“;”
e:\source\repos\signals\signals\common.h(105): error C4430: 缺少类型说明符 - 假定为 int。注意: C++ 不支持默认 int
e:\source\repos\signals\signals\common.h(120): error C2144: 语法错误:“path”的前面应有“;”
e:\source\repos\signals\signals\common.h(120): error C4430: 缺少类型说明符 - 假定为 int。注意: C++ 不支持默认 int
e:\source\repos\signals\signals\models\los.cpp(13): fatal error C1083: 无法打开包括文件: “pthread.h”: No such file or directory
  itwom3.0.cpp
e:\source\repos\signals\signals\common.h(35): warning C4091: “typedef ”: 没有声明变量时忽略“dem”的左侧
e:\source\repos\signals\signals\common.h(105): error C2144: 语法错误:“double”的前面应有“;”
e:\source\repos\signals\signals\common.h(105): error C4430: 缺少类型说明符 - 假定为 int。注意: C++ 不支持默认 int
e:\source\repos\signals\signals\common.h(120): error C2144: 语法错误:“path”的前面应有“;”
e:\source\repos\signals\signals\common.h(120): error C4430: 缺少类型说明符 - 假定为 int。注意: C++ 不支持默认 int
e:\source\repos\signals\signals\models\itwom3.0.cpp(454): error C2144: 语法错误:“double”的前面应有“;”
e:\source\repos\signals\signals\models\itwom3.0.cpp(454): error C4430: 缺少类型说明符 - 假定为 int。注意: C++ 不支持默认 int
e:\source\repos\signals\signals\models\itwom3.0.cpp(516): error C2144: 语法错误:“double”的前面应有“;”
e:\source\repos\signals\signals\models\itwom3.0.cpp(516): error C4430: 缺少类型说明符 - 假定为 int。注意: C++ 不支持默认 int
e:\source\repos\signals\signals\models\itwom3.0.cpp(832): error C2144: 语法错误:“double”的前面应有“;”
e:\source\repos\signals\signals\models\itwom3.0.cpp(832): error C4430: 缺少类型说明符 - 假定为 int。注意: C++ 不支持默认 int
e:\source\repos\signals\signals\models\itwom3.0.cpp(957): error C2144: 语法错误:“double”的前面应有“;”
e:\source\repos\signals\signals\models\itwom3.0.cpp(957): error C4430: 缺少类型说明符 - 假定为 int。注意: C++ 不支持默认 int
e:\source\repos\signals\signals\models\itwom3.0.cpp(1149): error C2144: 语法错误:“bool”的前面应有“;”
e:\source\repos\signals\signals\models\itwom3.0.cpp(1149): error C4430: 缺少类型说明符 - 假定为 int。注意: C++ 不支持默认 int
e:\source\repos\signals\signals\models\itwom3.0.cpp(1150): error C2144: 语法错误:“double”的前面应有“;”
e:\source\repos\signals\signals\models\itwom3.0.cpp(1150): error C4430: 缺少类型说明符 - 假定为 int。注意: C++ 不支持默认 int
e:\source\repos\signals\signals\models\itwom3.0.cpp(1150): error C2086: “int __thread”: 重定义
  e:\source\repos\signals\signals\models\itwom3.0.cpp(1149): note: 参见“__thread”的声明
e:\source\repos\signals\signals\models\itwom3.0.cpp(1340): error C2144: 语法错误:“bool”的前面应有“;”
e:\source\repos\signals\signals\models\itwom3.0.cpp(1340): error C4430: 缺少类型说明符 - 假定为 int。注意: C++ 不支持默认 int
e:\source\repos\signals\signals\models\itwom3.0.cpp(1341): error C2144: 语法错误:“double”的前面应有“;”
e:\source\repos\signals\signals\models\itwom3.0.cpp(1341): error C4430: 缺少类型说明符 - 假定为 int。注意: C++ 不支持默认 int
e:\source\repos\signals\signals\models\itwom3.0.cpp(1341): error C2086: “int __thread”: 重定义
  e:\source\repos\signals\signals\models\itwom3.0.cpp(1340): note: 参见“__thread”的声明
e:\source\repos\signals\signals\models\itwom3.0.cpp(1615): error C2144: 语法错误:“int”的前面应有“;”
e:\source\repos\signals\signals\models\itwom3.0.cpp(1615): error C4430: 缺少类型说明符 - 假定为 int。注意: C++ 不支持默认 int
e:\source\repos\signals\signals\models\itwom3.0.cpp(1616): error C2144: 语法错误:“double”的前面应有“;”
e:\source\repos\signals\signals\models\itwom3.0.cpp(1616): error C4430: 缺少类型说明符 - 假定为 int。注意: C++ 不支持默认 int
e:\source\repos\signals\signals\models\itwom3.0.cpp(1616): error C2086: “int __thread”: 重定义
  e:\source\repos\signals\signals\models\itwom3.0.cpp(1615): note: 参见“__thread”的声明
e:\source\repos\signals\signals\models\itwom3.0.cpp(1653): error C2144: 语法错误:“bool”的前面应有“;”
e:\source\repos\signals\signals\models\itwom3.0.cpp(1653): error C4430: 缺少类型说明符 - 假定为 int。注意: C++ 不支持默认 int
e:\source\repos\signals\signals\models\itwom3.0.cpp(1653): error C2086: “int __thread”: 重定义
  e:\source\repos\signals\signals\models\itwom3.0.cpp(1615): note: 参见“__thread”的声明
e:\source\repos\signals\signals\models\itwom3.0.cpp(2499): error C4996: 'strcpy': This function or variable may be unsafe. Consider using strcpy_s instead. To disable deprecation, use _CRT_SECURE_NO_WARNINGS. See online help for details.
  c:\program files (x86)\windows kits\10\include\10.0.10240.0\ucrt\string.h(119): note: 参见“strcpy”的声明
e:\source\repos\signals\signals\models\itwom3.0.cpp(2502): error C4996: 'strcpy': This function or variable may be unsafe. Consider using strcpy_s instead. To disable deprecation, use _CRT_SECURE_NO_WARNINGS. See online help for details.
  c:\program files (x86)\windows kits\10\include\10.0.10240.0\ucrt\string.h(119): note: 参见“strcpy”的声明
e:\source\repos\signals\signals\models\itwom3.0.cpp(2505): error C4996: 'strcpy': This function or variable may be unsafe. Consider using strcpy_s instead. To disable deprecation, use _CRT_SECURE_NO_WARNINGS. See online help for details.
  c:\program files (x86)\windows kits\10\include\10.0.10240.0\ucrt\string.h(119): note: 参见“strcpy”的声明
e:\source\repos\signals\signals\models\itwom3.0.cpp(2508): error C4996: 'strcat': This function or variable may be unsafe. Consider using strcat_s instead. To disable deprecation, use _CRT_SECURE_NO_WARNINGS. See online help for details.
  c:\program files (x86)\windows kits\10\include\10.0.10240.0\ucrt\string.h(90): note: 参见“strcat”的声明
e:\source\repos\signals\signals\models\itwom3.0.cpp(2511): error C4996: 'strcat': This function or variable may be unsafe. Consider using strcat_s instead. To disable deprecation, use _CRT_SECURE_NO_WARNINGS. See online help for details.
  c:\program files (x86)\windows kits\10\include\10.0.10240.0\ucrt\string.h(90): note: 参见“strcat”的声明
e:\source\repos\signals\signals\models\itwom3.0.cpp(2637): error C4996: 'strcpy': This function or variable may be unsafe. Consider using strcpy_s instead. To disable deprecation, use _CRT_SECURE_NO_WARNINGS. See online help for details.
  c:\program files (x86)\windows kits\10\include\10.0.10240.0\ucrt\string.h(119): note: 参见“strcpy”的声明
e:\source\repos\signals\signals\models\itwom3.0.cpp(2640): error C4996: 'strcpy': This function or variable may be unsafe. Consider using strcpy_s instead. To disable deprecation, use _CRT_SECURE_NO_WARNINGS. See online help for details.
  c:\program files (x86)\windows kits\10\include\10.0.10240.0\ucrt\string.h(119): note: 参见“strcpy”的声明
e:\source\repos\signals\signals\models\itwom3.0.cpp(2643): error C4996: 'strcpy': This function or variable may be unsafe. Consider using strcpy_s instead. To disable deprecation, use _CRT_SECURE_NO_WARNINGS. See online help for details.
  c:\program files (x86)\windows kits\10\include\10.0.10240.0\ucrt\string.h(119): note: 参见“strcpy”的声明
e:\source\repos\signals\signals\models\itwom3.0.cpp(2648): error C4996: 'strcat': This function or variable may be unsafe. Consider using strcat_s instead. To disable deprecation, use _CRT_SECURE_NO_WARNINGS. See online help for details.
  c:\program files (x86)\windows kits\10\include\10.0.10240.0\ucrt\string.h(90): note: 参见“strcat”的声明
e:\source\repos\signals\signals\models\itwom3.0.cpp(2651): error C4996: 'strcat': This function or variable may be unsafe. Consider using strcat_s instead. To disable deprecation, use _CRT_SECURE_NO_WARNINGS. See online help for details.
  c:\program files (x86)\windows kits\10\include\10.0.10240.0\ucrt\string.h(90): note: 参见“strcat”的声明
e:\source\repos\signals\signals\models\itwom3.0.cpp(2654): error C4996: 'strcat': This function or variable may be unsafe. Consider using strcat_s instead. To disable deprecation, use _CRT_SECURE_NO_WARNINGS. See online help for details.
  c:\program files (x86)\windows kits\10\include\10.0.10240.0\ucrt\string.h(90): note: 参见“strcat”的声明
e:\source\repos\signals\signals\models\itwom3.0.cpp(2846): error C4996: 'strcpy': This function or variable may be unsafe. Consider using strcpy_s instead. To disable deprecation, use _CRT_SECURE_NO_WARNINGS. See online help for details.
  c:\program files (x86)\windows kits\10\include\10.0.10240.0\ucrt\string.h(119): note: 参见“strcpy”的声明
e:\source\repos\signals\signals\models\itwom3.0.cpp(2849): error C4996: 'strcpy': This function or variable may be unsafe. Consider using strcpy_s instead. To disable deprecation, use _CRT_SECURE_NO_WARNINGS. See online help for details.
  c:\program files (x86)\windows kits\10\include\10.0.10240.0\ucrt\string.h(119): note: 参见“strcpy”的声明
e:\source\repos\signals\signals\models\itwom3.0.cpp(2851): error C4996: 'strcpy': This function or variable may be unsafe. Consider using strcpy_s instead. To disable deprecation, use _CRT_SECURE_NO_WARNINGS. See online help for details.
  c:\program files (x86)\windows kits\10\include\10.0.10240.0\ucrt\string.h(119): note: 参见“strcpy”的声明
e:\source\repos\signals\signals\models\itwom3.0.cpp(2853): error C4996: 'strcat': This function or variable may be unsafe. Consider using strcat_s instead. To disable deprecation, use _CRT_SECURE_NO_WARNINGS. See online help for details.
  c:\program files (x86)\windows kits\10\include\10.0.10240.0\ucrt\string.h(90): note: 参见“strcat”的声明
e:\source\repos\signals\signals\models\itwom3.0.cpp(2855): error C4996: 'strcat': This function or variable may be unsafe. Consider using strcat_s instead. To disable deprecation, use _CRT_SECURE_NO_WARNINGS. See online help for details.
  c:\program files (x86)\windows kits\10\include\10.0.10240.0\ucrt\string.h(90): note: 参见“strcat”的声明
  itm.cpp
e:\source\repos\signals\signals\common.h(35): warning C4091: “typedef ”: 没有声明变量时忽略“dem”的左侧
e:\source\repos\signals\signals\common.h(105): error C2144: 语法错误:“double”的前面应有“;”
e:\source\repos\signals\signals\common.h(105): error C4430: 缺少类型说明符 - 假定为 int。注意: C++ 不支持默认 int
e:\source\repos\signals\signals\common.h(120): error C2144: 语法错误:“path”的前面应有“;”
e:\source\repos\signals\signals\common.h(120): error C4430: 缺少类型说明符 - 假定为 int。注意: C++ 不支持默认 int
e:\source\repos\signals\signals\models\itm.cpp(1275): error C4996: 'strcpy': This function or variable may be unsafe. Consider using strcpy_s instead. To disable deprecation, use _CRT_SECURE_NO_WARNINGS. See online help for details.
  c:\program files (x86)\windows kits\10\include\10.0.10240.0\ucrt\string.h(119): note: 参见“strcpy”的声明
e:\source\repos\signals\signals\models\itm.cpp(1279): error C4996: 'strcpy': This function or variable may be unsafe. Consider using strcpy_s instead. To disable deprecation, use _CRT_SECURE_NO_WARNINGS. See online help for details.
  c:\program files (x86)\windows kits\10\include\10.0.10240.0\ucrt\string.h(119): note: 参见“strcpy”的声明
e:\source\repos\signals\signals\models\itm.cpp(1282): error C4996: 'strcpy': This function or variable may be unsafe. Consider using strcpy_s instead. To disable deprecation, use _CRT_SECURE_NO_WARNINGS. See online help for details.
  c:\program files (x86)\windows kits\10\include\10.0.10240.0\ucrt\string.h(119): note: 参见“strcpy”的声明
e:\source\repos\signals\signals\models\itm.cpp(1285): error C4996: 'strcat': This function or variable may be unsafe. Consider using strcat_s instead. To disable deprecation, use _CRT_SECURE_NO_WARNINGS. See online help for details.
  c:\program files (x86)\windows kits\10\include\10.0.10240.0\ucrt\string.h(90): note: 参见“strcat”的声明
e:\source\repos\signals\signals\models\itm.cpp(1288): error C4996: 'strcat': This function or variable may be unsafe. Consider using strcat_s instead. To disable deprecation, use _CRT_SECURE_NO_WARNINGS. See online help for details.
  c:\program files (x86)\windows kits\10\include\10.0.10240.0\ucrt\string.h(90): note: 参见“strcat”的声明
e:\source\repos\signals\signals\models\itm.cpp(1458): error C4996: 'strcpy': This function or variable may be unsafe. Consider using strcpy_s instead. To disable deprecation, use _CRT_SECURE_NO_WARNINGS. See online help for details.
  c:\program files (x86)\windows kits\10\include\10.0.10240.0\ucrt\string.h(119): note: 参见“strcpy”的声明
e:\source\repos\signals\signals\models\itm.cpp(1461): error C4996: 'strcpy': This function or variable may be unsafe. Consider using strcpy_s instead. To disable deprecation, use _CRT_SECURE_NO_WARNINGS. See online help for details.
  c:\program files (x86)\windows kits\10\include\10.0.10240.0\ucrt\string.h(119): note: 参见“strcpy”的声明
e:\source\repos\signals\signals\models\itm.cpp(1464): error C4996: 'strcpy': This function or variable may be unsafe. Consider using strcpy_s instead. To disable deprecation, use _CRT_SECURE_NO_WARNINGS. See online help for details.
  c:\program files (x86)\windows kits\10\include\10.0.10240.0\ucrt\string.h(119): note: 参见“strcpy”的声明
e:\source\repos\signals\signals\models\itm.cpp(1467): error C4996: 'strcat': This function or variable may be unsafe. Consider using strcat_s instead. To disable deprecation, use _CRT_SECURE_NO_WARNINGS. See online help for details.
  c:\program files (x86)\windows kits\10\include\10.0.10240.0\ucrt\string.h(90): note: 参见“strcat”的声明
e:\source\repos\signals\signals\models\itm.cpp(1470): error C4996: 'strcat': This function or variable may be unsafe. Consider using strcat_s instead. To disable deprecation, use _CRT_SECURE_NO_WARNINGS. See online help for details.
  c:\program files (x86)\windows kits\10\include\10.0.10240.0\ucrt\string.h(90): note: 参见“strcat”的声明
  hata.cpp
e:\source\repos\signals\signals\models\hata.cpp(32): warning C4244: “初始化”: 从“double”转换到“float”，可能丢失数据
e:\source\repos\signals\signals\models\hata.cpp(35): warning C4244: “=”: 从“double”转换到“float”，可能丢失数据
e:\source\repos\signals\signals\models\hata.cpp(36): warning C4244: “=”: 从“double”转换到“float”，可能丢失数据
e:\source\repos\signals\signals\models\hata.cpp(38): warning C4244: “=”: 从“double”转换到“float”，可能丢失数据
e:\source\repos\signals\signals\models\hata.cpp(39): warning C4244: “=”: 从“double”转换到“float”，可能丢失数据
e:\source\repos\signals\signals\models\hata.cpp(42): warning C4244: “初始化”: 从“double”转换到“float”，可能丢失数据
e:\source\repos\signals\signals\models\hata.cpp(49): warning C4244: “初始化”: 从“double”转换到“float”，可能丢失数据
  fspl.cpp
  ericsson.cpp
  ecc33.cpp
  cost.cpp
e:\source\repos\signals\signals\models\cost.cpp(37): warning C4244: “初始化”: 从“double”转换到“float”，可能丢失数据
e:\source\repos\signals\signals\models\cost.cpp(38): warning C4244: “初始化”: 从“double”转换到“float”，可能丢失数据
e:\source\repos\signals\signals\models\cost.cpp(39): warning C4244: “初始化”: 从“double”转换到“int”，可能丢失数据
e:\source\repos\signals\signals\models\cost.cpp(40): warning C4244: “初始化”: 从“double”转换到“int”，可能丢失数据
e:\source\repos\signals\signals\models\cost.cpp(42): warning C4244: “=”: 从“double”转换到“int”，可能丢失数据
e:\source\repos\signals\signals\models\cost.cpp(43): warning C4244: “=”: 从“double”转换到“int”，可能丢失数据
e:\source\repos\signals\signals\models\cost.cpp(47): warning C4244: “=”: 从“double”转换到“float”，可能丢失数据
e:\source\repos\signals\signals\models\cost.cpp(48): warning C4244: “=”: 从“double”转换到“float”，可能丢失数据
e:\source\repos\signals\signals\models\cost.cpp(52): warning C4244: “=”: 从“double”转换到“float”，可能丢失数据
e:\source\repos\signals\signals\models\cost.cpp(54): warning C4244: “初始化”: 从“double”转换到“float”，可能丢失数据
  main.cpp
e:\source\repos\signals\signals\common.h(35): warning C4091: “typedef ”: 没有声明变量时忽略“dem”的左侧
e:\source\repos\signals\signals\common.h(105): error C2144: 语法错误:“double”的前面应有“;”
e:\source\repos\signals\signals\common.h(105): error C4430: 缺少类型说明符 - 假定为 int。注意: C++ 不支持默认 int
e:\source\repos\signals\signals\common.h(120): error C2144: 语法错误:“path”的前面应有“;”
e:\source\repos\signals\signals\common.h(120): error C4430: 缺少类型说明符 - 假定为 int。注意: C++ 不支持默认 int
e:\source\repos\signals\signals\main.cpp(42): error C2065: “ss_name”: 未声明的标识符
e:\source\repos\signals\signals\main.cpp(46): error C2065: “ss_name”: 未声明的标识符
e:\source\repos\signals\signals\main.cpp(46): error C2065: “version”: 未声明的标识符
e:\source\repos\signals\signals\main.cpp(101): error C3861: “do_allocs”: 找不到标识符
e:\source\repos\signals\signals\main.cpp(109): error C2872: “string”: 不明确的符号
  e:\source\repos\signals\signals\common.h(110): note: 可能是“char string[]”
  c:\program files (x86)\microsoft visual studio 14.0\vc\include\xstring(2634): note: 或  “std::string”
e:\source\repos\signals\signals\main.cpp(113): error C2065: “forced_erp”: 未声明的标识符
e:\source\repos\signals\signals\main.cpp(114): error C2065: “forced_freq”: 未声明的标识符
e:\source\repos\signals\signals\main.cpp(126): error C2065: “lat”: 未声明的标识符
e:\source\repos\signals\signals\main.cpp(127): error C2065: “lon”: 未声明的标识符
e:\source\repos\signals\signals\main.cpp(128): error C2065: “txh”: 未声明的标识符
e:\source\repos\signals\signals\main.cpp(148): error C2065: “tx_site”: 未声明的标识符
e:\source\repos\signals\signals\main.cpp(148): error C2228: “.lat”的左边必须有类/结构/联合
e:\source\repos\signals\signals\main.cpp(149): error C2065: “tx_site”: 未声明的标识符
e:\source\repos\signals\signals\main.cpp(149): error C2228: “.lon”的左边必须有类/结构/联合
e:\source\repos\signals\signals\main.cpp(150): error C2065: “tx_site”: 未声明的标识符
e:\source\repos\signals\signals\main.cpp(150): error C2228: “.lat”的左边必须有类/结构/联合
e:\source\repos\signals\signals\main.cpp(151): error C2065: “tx_site”: 未声明的标识符
e:\source\repos\signals\signals\main.cpp(151): error C2228: “.lon”的左边必须有类/结构/联合
e:\source\repos\signals\signals\main.cpp(191): error C2065: “tx_site”: 未声明的标识符
e:\source\repos\signals\signals\main.cpp(191): error C2228: “.name”的左边必须有类/结构/联合
e:\source\repos\signals\signals\main.cpp(192): error C2065: “tx_site”: 未声明的标识符
e:\source\repos\signals\signals\main.cpp(192): error C2228: “.filename”的左边必须有类/结构/联合
e:\source\repos\signals\signals\main.cpp(193): error C3861: “LoadPAT”: 找不到标识符
e:\source\repos\signals\signals\main.cpp(269): error C2065: “tx_site”: 未声明的标识符
e:\source\repos\signals\signals\main.cpp(269): error C2228: “.lat”的左边必须有类/结构/联合
e:\source\repos\signals\signals\main.cpp(269): error C3861: “ReadBearing”: 找不到标识符
e:\source\repos\signals\signals\main.cpp(275): error C2065: “tx_site”: 未声明的标识符
e:\source\repos\signals\signals\main.cpp(275): error C2228: “.lon”的左边必须有类/结构/联合
e:\source\repos\signals\signals\main.cpp(275): error C3861: “ReadBearing”: 找不到标识符
e:\source\repos\signals\signals\main.cpp(276): error C2065: “tx_site”: 未声明的标识符
e:\source\repos\signals\signals\main.cpp(276): error C2228: “.lon”的左边必须有类/结构/联合
e:\source\repos\signals\signals\main.cpp(277): error C2065: “tx_site”: 未声明的标识符
e:\source\repos\signals\signals\main.cpp(277): error C2228: “.lon”的左边必须有类/结构/联合
e:\source\repos\signals\signals\main.cpp(278): error C2065: “tx_site”: 未声明的标识符
e:\source\repos\signals\signals\main.cpp(278): error C2228: “.lon”的左边必须有类/结构/联合
e:\source\repos\signals\signals\main.cpp(287): error C2065: “tx_site”: 未声明的标识符
e:\source\repos\signals\signals\main.cpp(287): error C2228: “.lat”的左边必须有类/结构/联合
e:\source\repos\signals\signals\main.cpp(287): error C3861: “ReadBearing”: 找不到标识符
e:\source\repos\signals\signals\main.cpp(294): error C2065: “tx_site”: 未声明的标识符
e:\source\repos\signals\signals\main.cpp(294): error C2228: “.lon”的左边必须有类/结构/联合
e:\source\repos\signals\signals\main.cpp(294): error C3861: “ReadBearing”: 找不到标识符
e:\source\repos\signals\signals\main.cpp(295): error C2065: “tx_site”: 未声明的标识符
e:\source\repos\signals\signals\main.cpp(295): error C2228: “.lon”的左边必须有类/结构/联合
e:\source\repos\signals\signals\main.cpp(296): error C2065: “tx_site”: 未声明的标识符
e:\source\repos\signals\signals\main.cpp(296): error C2228: “.lon”的左边必须有类/结构/联合
e:\source\repos\signals\signals\main.cpp(297): error C2065: “tx_site”: 未声明的标识符
e:\source\repos\signals\signals\main.cpp(297): error C2228: “.lon”的左边必须有类/结构/联合
e:\source\repos\signals\signals\main.cpp(305): error C2065: “tx_site”: 未声明的标识符
e:\source\repos\signals\signals\main.cpp(305): error C2228: “.alt”的左边必须有类/结构/联合
e:\source\repos\signals\signals\main.cpp(316): error C2065: “tx_site”: 未声明的标识符
e:\source\repos\signals\signals\main.cpp(316): error C2228: “.alt”的左边必须有类/结构/联合
e:\source\repos\signals\signals\main.cpp(324): error C2065: “rxGain”: 未声明的标识符
e:\source\repos\signals\signals\main.cpp(358): error C2065: “ter”: 未声明的标识符
e:\source\repos\signals\signals\main.cpp(360): error C2065: “ter”: 未声明的标识符
e:\source\repos\signals\signals\main.cpp(360): error C2050: switch 表达式不是整型
e:\source\repos\signals\signals\main.cpp(362): error C2065: “terdic”: 未声明的标识符
e:\source\repos\signals\signals\main.cpp(363): error C2065: “tercon”: 未声明的标识符
e:\source\repos\signals\signals\main.cpp(367): error C2065: “terdic”: 未声明的标识符
e:\source\repos\signals\signals\main.cpp(368): error C2065: “tercon”: 未声明的标识符
e:\source\repos\signals\signals\main.cpp(372): error C2065: “terdic”: 未声明的标识符
e:\source\repos\signals\signals\main.cpp(373): error C2065: “tercon”: 未声明的标识符
e:\source\repos\signals\signals\main.cpp(377): error C2065: “terdic”: 未声明的标识符
e:\source\repos\signals\signals\main.cpp(378): error C2065: “tercon”: 未声明的标识符
e:\source\repos\signals\signals\main.cpp(381): error C2065: “terdic”: 未声明的标识符
e:\source\repos\signals\signals\main.cpp(382): error C2065: “tercon”: 未声明的标识符
e:\source\repos\signals\signals\main.cpp(385): error C2065: “terdic”: 未声明的标识符
e:\source\repos\signals\signals\main.cpp(386): error C2065: “tercon”: 未声明的标识符
e:\source\repos\signals\signals\main.cpp(389): error C2065: “terdic”: 未声明的标识符
e:\source\repos\signals\signals\main.cpp(390): error C2065: “tercon”: 未声明的标识符
e:\source\repos\signals\signals\main.cpp(400): error C2065: “terdic”: 未声明的标识符
e:\source\repos\signals\signals\main.cpp(402): error C2065: “terdic”: 未声明的标识符
e:\source\repos\signals\signals\main.cpp(412): error C2065: “tercon”: 未声明的标识符
e:\source\repos\signals\signals\main.cpp(414): error C2065: “tercon”: 未声明的标识符
e:\source\repos\signals\signals\main.cpp(481): error C2065: “tx_site”: 未声明的标识符
e:\source\repos\signals\signals\main.cpp(481): error C2228: “.lat”的左边必须有类/结构/联合
e:\source\repos\signals\signals\main.cpp(487): error C2065: “tx_site”: 未声明的标识符
e:\source\repos\signals\signals\main.cpp(487): error C2228: “.lon”的左边必须有类/结构/联合
e:\source\repos\signals\signals\main.cpp(514): error C2065: “tx_site”: 未声明的标识符
e:\source\repos\signals\signals\main.cpp(514): error C2228: “.alt”的左边必须有类/结构/联合
e:\source\repos\signals\signals\main.cpp(517): error C2065: “tx_site”: 未声明的标识符
e:\source\repos\signals\signals\main.cpp(517): error C2228: “.alt”的左边必须有类/结构/联合
e:\source\repos\signals\signals\main.cpp(548): error C2065: “tx_site”: 未声明的标识符
e:\source\repos\signals\signals\main.cpp(548): error C2228: “.alt”的左边必须有类/结构/联合
e:\source\repos\signals\signals\main.cpp(549): error C2065: “tx_site”: 未声明的标识符
e:\source\repos\signals\signals\main.cpp(549): error C2228: “.alt”的左边必须有类/结构/联合
e:\source\repos\signals\signals\main.cpp(556): warning C4267: “=”: 从“size_t”转换到“int”，可能丢失数据
e:\source\repos\signals\signals\main.cpp(571): error C2065: “tx_site”: 未声明的标识符
e:\source\repos\signals\signals\main.cpp(571): error C2228: “.lon”的左边必须有类/结构/联合
e:\source\repos\signals\signals\main.cpp(572): error C2065: “tx_site”: 未声明的标识符
e:\source\repos\signals\signals\main.cpp(572): error C2228: “.lon”的左边必须有类/结构/联合
e:\source\repos\signals\signals\main.cpp(574): error C2065: “tx_site”: 未声明的标识符
e:\source\repos\signals\signals\main.cpp(574): error C2228: “.lat”的左边必须有类/结构/联合
e:\source\repos\signals\signals\main.cpp(575): error C2065: “tx_site”: 未声明的标识符
e:\source\repos\signals\signals\main.cpp(575): error C2228: “.lon”的左边必须有类/结构/联合
e:\source\repos\signals\signals\main.cpp(583): error C3861: “LonDiff”: 找不到标识符
e:\source\repos\signals\signals\main.cpp(586): error C3861: “LonDiff”: 找不到标识符
e:\source\repos\signals\signals\main.cpp(590): error C2065: “tx_site”: 未声明的标识符
e:\source\repos\signals\signals\main.cpp(590): error C2228: “.lat”的左边必须有类/结构/联合
e:\source\repos\signals\signals\main.cpp(591): error C2065: “tx_site”: 未声明的标识符
e:\source\repos\signals\signals\main.cpp(591): error C2228: “.lon”的左边必须有类/结构/联合
e:\source\repos\signals\signals\main.cpp(591): fatal error C1003: 错误计数超过 100；正在停止编译
  inputs.cpp
e:\source\repos\signals\signals\inputs.cpp(4): fatal error C1083: 无法打开包括文件: “unistd.h”: No such file or directory
  正在生成代码...
